<?xml version="1.0" encoding="UTF-8"?>
<coverage generated="1763996444036" clover="3.2.0">
  <project timestamp="1763996444037" name="All files">
    <metrics statements="20" coveredstatements="19" conditionals="6" coveredconditionals="5" methods="7" coveredmethods="6" elements="33" coveredelements="30" complexity="0" loc="20" ncloc="20" packages="1" files="3" classes="3"/>
    <file name="Note.jsx" path="C:\Users\LENOVO\Desktop\fullStackOpen-Workshop\part2\form\src\component\Note.jsx">
      <metrics statements="3" coveredstatements="3" conditionals="2" coveredconditionals="1" methods="1" coveredmethods="1"/>
      <line num="1" count="1" type="stmt"/>
      <line num="2" count="4" type="cond" truecount="1" falsecount="1"/>
      <line num="4" count="4" type="stmt"/>
    </file>
    <file name="NoteForm.jsx" path="C:\Users\LENOVO\Desktop\fullStackOpen-Workshop\part2\form\src\component\NoteForm.jsx">
      <metrics statements="8" coveredstatements="8" conditionals="0" coveredconditionals="0" methods="3" coveredmethods="3"/>
      <line num="3" count="1" type="stmt"/>
      <line num="4" count="19" type="stmt"/>
      <line num="6" count="19" type="stmt"/>
      <line num="7" count="1" type="stmt"/>
      <line num="8" count="1" type="stmt"/>
      <line num="13" count="1" type="stmt"/>
      <line num="16" count="19" type="stmt"/>
      <line num="28" count="17" type="stmt"/>
    </file>
    <file name="Togglable.jsx" path="C:\Users\LENOVO\Desktop\fullStackOpen-Workshop\part2\form\src\component\Togglable.jsx">
      <metrics statements="9" coveredstatements="8" conditionals="4" coveredconditionals="4" methods="3" coveredmethods="2"/>
      <line num="3" count="1" type="stmt"/>
      <line num="4" count="4" type="stmt"/>
      <line num="6" count="4" type="cond" truecount="2" falsecount="0"/>
      <line num="7" count="4" type="cond" truecount="2" falsecount="0"/>
      <line num="9" count="4" type="stmt"/>
      <line num="10" count="1" type="stmt"/>
      <line num="13" count="4" type="stmt"/>
      <line num="14" count="0" type="stmt"/>
      <line num="17" count="4" type="stmt"/>
    </file>
  </project>
</coverage>
